<?xml version="1.0" encoding="UTF-8"?>
<!-- Generated by org.testng.reporters.JUnitReportReporter -->
<testsuite hostname="Karthick" name="com.testng.basics.XlsSample" tests="30" failures="0" timestamp="29 Aug 2020 05:53:08 GMT" time="15.525" errors="0">
  <testcase name="b_m1" time="0.404" classname="com.testng.basics.XlsSample"/>
  <testcase name="b_m1" time="0.436" classname="com.testng.basics.XlsSample"/>
  <testcase name="b_m1" time="0.846" classname="com.testng.basics.XlsSample"/>
  <testcase name="b_m1" time="0.425" classname="com.testng.basics.XlsSample"/>
  <testcase name="b_m1" time="0.606" classname="com.testng.basics.XlsSample"/>
  <testcase name="b_m1" time="0.426" classname="com.testng.basics.XlsSample"/>
  <testcase name="b_m1" time="0.461" classname="com.testng.basics.XlsSample"/>
  <testcase name="b_m1" time="0.829" classname="com.testng.basics.XlsSample"/>
  <testcase name="b_m1" time="0.400" classname="com.testng.basics.XlsSample"/>
  <testcase name="b_m1" time="0.413" classname="com.testng.basics.XlsSample"/>
  <testcase name="b_m1" time="0.413" classname="com.testng.basics.XlsSample"/>
  <testcase name="b_m1" time="0.410" classname="com.testng.basics.XlsSample"/>
  <testcase name="b_m1" time="0.483" classname="com.testng.basics.XlsSample"/>
  <testcase name="b_m1" time="0.705" classname="com.testng.basics.XlsSample"/>
  <testcase name="b_m1" time="0.514" classname="com.testng.basics.XlsSample"/>
  <testcase name="b_m1" time="0.417" classname="com.testng.basics.XlsSample"/>
  <testcase name="b_m1" time="0.412" classname="com.testng.basics.XlsSample"/>
  <testcase name="b_m1" time="0.639" classname="com.testng.basics.XlsSample"/>
  <testcase name="b_m1" time="0.591" classname="com.testng.basics.XlsSample"/>
  <testcase name="b_m1" time="0.428" classname="com.testng.basics.XlsSample"/>
  <testcase name="b_m1" time="0.640" classname="com.testng.basics.XlsSample"/>
  <testcase name="b_m1" time="0.774" classname="com.testng.basics.XlsSample"/>
  <testcase name="b_m1" time="0.396" classname="com.testng.basics.XlsSample"/>
  <testcase name="b_m1" time="0.514" classname="com.testng.basics.XlsSample"/>
  <testcase name="b_m1" time="0.452" classname="com.testng.basics.XlsSample"/>
  <testcase name="b_m1" time="0.390" classname="com.testng.basics.XlsSample"/>
  <testcase name="b_m1" time="0.552" classname="com.testng.basics.XlsSample"/>
  <testcase name="b_m1" time="0.403" classname="com.testng.basics.XlsSample"/>
  <testcase name="b_m1" time="0.741" classname="com.testng.basics.XlsSample"/>
  <testcase name="b_m1" time="0.405" classname="com.testng.basics.XlsSample"/>
</testsuite> <!-- com.testng.basics.XlsSample -->
