<?xml version="1.0" encoding="UTF-8"?>
<!-- Generated by org.testng.reporters.JUnitReportReporter -->
<testsuite hostname="Karthick" name="com.testng.basics.AnnotatinSample2" tests="16" failures="0" timestamp="29 Aug 2020 05:53:08 GMT" time="0.007" errors="0">
  <testcase name="c_m1" time="0.001" classname="com.testng.basics.AnnotatinSample2"/>
  <testcase name="m4" time="0.000" classname="com.testng.basics.AnnotatinSample2"/>
  <testcase name="c_m3" time="0.000" classname="com.testng.basics.AnnotatinSample2"/>
  <testcase name="c_m1" time="0.000" classname="com.testng.basics.AnnotatinSample2"/>
  <testcase name="c_m3" time="0.001" classname="com.testng.basics.AnnotatinSample2"/>
  <testcase name="m4" time="0.001" classname="com.testng.basics.AnnotatinSample2"/>
  <testcase name="m2" time="0.000" classname="com.testng.basics.AnnotatinSample2"/>
  <testcase name="m2" time="0.000" classname="com.testng.basics.AnnotatinSample2"/>
  <testcase name="m2" time="0.000" classname="com.testng.basics.AnnotatinSample2"/>
  <testcase name="m4" time="0.001" classname="com.testng.basics.AnnotatinSample2"/>
  <testcase name="m2" time="0.000" classname="com.testng.basics.AnnotatinSample2"/>
  <testcase name="c_m1" time="0.001" classname="com.testng.basics.AnnotatinSample2"/>
  <testcase name="c_m3" time="0.000" classname="com.testng.basics.AnnotatinSample2"/>
  <testcase name="m4" time="0.002" classname="com.testng.basics.AnnotatinSample2"/>
  <testcase name="c_m1" time="0.000" classname="com.testng.basics.AnnotatinSample2"/>
  <testcase name="c_m3" time="0.000" classname="com.testng.basics.AnnotatinSample2"/>
</testsuite> <!-- com.testng.basics.AnnotatinSample2 -->
