<?xml version="1.0" encoding="UTF-8"?>
<!-- Generated by org.testng.reporters.JUnitReportReporter -->
<testsuite hostname="Karthick" name="com.testng.basics.XmlSample" tests="1" failures="0" timestamp="27 Aug 2020 06:52:45 GMT" time="0.227" errors="0">
  <testcase name="b_m1" time="0.227" classname="com.testng.basics.XmlSample"/>
</testsuite> <!-- com.testng.basics.XmlSample -->
