<?xml version="1.0" encoding="UTF-8"?>
<!-- Generated by org.testng.reporters.JUnitReportReporter -->
<testsuite hostname="Karthick" name="com.testng.basics.XlsSample" tests="15" failures="0" timestamp="27 Aug 2020 07:52:03 GMT" time="8.143" errors="0">
  <testcase name="b_m1" time="0.473" classname="com.testng.basics.XlsSample"/>
  <testcase name="b_m1" time="0.567" classname="com.testng.basics.XlsSample"/>
  <testcase name="b_m1" time="0.500" classname="com.testng.basics.XlsSample"/>
  <testcase name="b_m1" time="0.669" classname="com.testng.basics.XlsSample"/>
  <testcase name="b_m1" time="0.533" classname="com.testng.basics.XlsSample"/>
  <testcase name="b_m1" time="0.464" classname="com.testng.basics.XlsSample"/>
  <testcase name="b_m1" time="0.526" classname="com.testng.basics.XlsSample"/>
  <testcase name="b_m1" time="0.536" classname="com.testng.basics.XlsSample"/>
  <testcase name="b_m1" time="0.560" classname="com.testng.basics.XlsSample"/>
  <testcase name="b_m1" time="0.486" classname="com.testng.basics.XlsSample"/>
  <testcase name="b_m1" time="0.604" classname="com.testng.basics.XlsSample"/>
  <testcase name="b_m1" time="0.473" classname="com.testng.basics.XlsSample"/>
  <testcase name="b_m1" time="0.495" classname="com.testng.basics.XlsSample"/>
  <testcase name="b_m1" time="0.751" classname="com.testng.basics.XlsSample"/>
  <testcase name="b_m1" time="0.506" classname="com.testng.basics.XlsSample"/>
</testsuite> <!-- com.testng.basics.XlsSample -->
